mode: set
github.com/prodyna/go-rest-mock/reader/reader.go:12.56,16.16 2 1
github.com/prodyna/go-rest-mock/reader/reader.go:20.2,23.16 3 1
github.com/prodyna/go-rest-mock/reader/reader.go:27.2,27.24 1 1
github.com/prodyna/go-rest-mock/reader/reader.go:16.16,18.3 1 0
github.com/prodyna/go-rest-mock/reader/reader.go:23.16,25.3 1 0
github.com/prodyna/go-rest-mock/reader/reader.go:31.43,33.16 2 1
github.com/prodyna/go-rest-mock/reader/reader.go:36.2,36.14 1 1
github.com/prodyna/go-rest-mock/reader/reader.go:33.16,35.3 1 0
github.com/prodyna/go-rest-mock/handler/match.go:6.66,11.40 3 1
github.com/prodyna/go-rest-mock/handler/match.go:15.2,17.30 2 1
github.com/prodyna/go-rest-mock/handler/match.go:23.2,23.42 1 1
github.com/prodyna/go-rest-mock/handler/match.go:27.2,27.27 1 1
github.com/prodyna/go-rest-mock/handler/match.go:38.2,38.13 1 1
github.com/prodyna/go-rest-mock/handler/match.go:11.40,13.3 1 0
github.com/prodyna/go-rest-mock/handler/match.go:17.30,19.3 1 1
github.com/prodyna/go-rest-mock/handler/match.go:19.8,21.3 1 1
github.com/prodyna/go-rest-mock/handler/match.go:23.42,25.3 1 1
github.com/prodyna/go-rest-mock/handler/match.go:27.27,31.32 3 1
github.com/prodyna/go-rest-mock/handler/match.go:31.32,32.14 1 1
github.com/prodyna/go-rest-mock/handler/match.go:32.14,34.5 1 1
github.com/prodyna/go-rest-mock/handler/match.go:42.40,44.2 1 1
github.com/prodyna/go-rest-mock/handler/match.go:46.35,48.2 1 1
github.com/prodyna/go-rest-mock/handler/handler.go:28.52,33.32 3 1
github.com/prodyna/go-rest-mock/handler/handler.go:48.2,48.65 1 1
github.com/prodyna/go-rest-mock/handler/handler.go:33.32,34.39 1 1
github.com/prodyna/go-rest-mock/handler/handler.go:34.39,36.37 2 1
github.com/prodyna/go-rest-mock/handler/handler.go:36.37,38.5 1 0
github.com/prodyna/go-rest-mock/handler/handler.go:38.10,41.5 2 1
github.com/prodyna/go-rest-mock/handler/handler.go:42.9,45.4 2 1
github.com/prodyna/go-rest-mock/handler/handler.go:51.57,52.35 1 1
github.com/prodyna/go-rest-mock/handler/handler.go:56.2,56.12 1 1
github.com/prodyna/go-rest-mock/handler/handler.go:52.35,55.3 2 1
github.com/prodyna/go-rest-mock/handler/handler.go:59.44,60.42 1 1
github.com/prodyna/go-rest-mock/handler/handler.go:64.2,64.12 1 0
github.com/prodyna/go-rest-mock/handler/handler.go:60.42,63.3 2 1
github.com/prodyna/go-rest-mock/handler/handler.go:68.71,71.59 1 1
github.com/prodyna/go-rest-mock/handler/handler.go:76.2,76.20 1 1
github.com/prodyna/go-rest-mock/handler/handler.go:83.2,91.23 7 1
github.com/prodyna/go-rest-mock/handler/handler.go:96.2,97.25 2 1
github.com/prodyna/go-rest-mock/handler/handler.go:102.2,103.24 2 1
github.com/prodyna/go-rest-mock/handler/handler.go:108.2,110.69 3 0
github.com/prodyna/go-rest-mock/handler/handler.go:71.59,74.3 2 0
github.com/prodyna/go-rest-mock/handler/handler.go:76.20,81.3 4 1
github.com/prodyna/go-rest-mock/handler/handler.go:91.23,94.3 2 0
github.com/prodyna/go-rest-mock/handler/handler.go:97.25,100.3 2 0
github.com/prodyna/go-rest-mock/handler/handler.go:103.24,106.3 2 1
github.com/prodyna/go-rest-mock/handler/handler.go:114.72,116.45 1 1
github.com/prodyna/go-rest-mock/handler/handler.go:127.2,127.14 1 1
github.com/prodyna/go-rest-mock/handler/handler.go:116.45,120.23 2 1
github.com/prodyna/go-rest-mock/handler/handler.go:120.23,121.25 1 1
github.com/prodyna/go-rest-mock/handler/handler.go:121.25,123.5 1 1
github.com/prodyna/go-rest-mock/handler/handler.go:130.83,132.45 1 1
github.com/prodyna/go-rest-mock/handler/handler.go:143.2,143.12 1 1
github.com/prodyna/go-rest-mock/handler/handler.go:132.45,136.26 2 1
github.com/prodyna/go-rest-mock/handler/handler.go:136.26,137.25 1 1
github.com/prodyna/go-rest-mock/handler/handler.go:137.25,139.5 1 1
github.com/prodyna/go-rest-mock/handler/handler.go:146.39,148.70 1 1
github.com/prodyna/go-rest-mock/handler/handler.go:155.2,155.13 1 1
github.com/prodyna/go-rest-mock/handler/handler.go:148.70,150.17 2 1
github.com/prodyna/go-rest-mock/handler/handler.go:153.3,153.28 1 1
github.com/prodyna/go-rest-mock/handler/handler.go:150.17,152.4 1 0
github.com/prodyna/go-rest-mock/handler/handler.go:158.34,159.17 1 1
github.com/prodyna/go-rest-mock/handler/handler.go:162.2,163.46 2 1
github.com/prodyna/go-rest-mock/handler/handler.go:159.17,161.3 1 1
github.com/prodyna/go-rest-mock/handler/handler.go:168.52,176.48 6 1
github.com/prodyna/go-rest-mock/handler/handler.go:180.2,181.21 2 1
github.com/prodyna/go-rest-mock/handler/handler.go:176.48,178.3 1 0
github.com/prodyna/go-rest-mock/handler/handler.go:186.47,187.23 1 1
github.com/prodyna/go-rest-mock/handler/handler.go:187.23,189.3 1 1
github.com/prodyna/go-rest-mock/handler/handler.go:189.8,189.33 1 1
github.com/prodyna/go-rest-mock/handler/handler.go:189.33,191.3 1 1
github.com/prodyna/go-rest-mock/handler/handler.go:191.8,193.15 2 1
github.com/prodyna/go-rest-mock/handler/handler.go:196.3,196.14 1 1
github.com/prodyna/go-rest-mock/handler/handler.go:193.15,195.4 1 0
